Arguments: 
  C:\Program Files\nodejs\node.exe C:\Users\Moiqab\AppData\Roaming\npm\node_modules\yarn\bin\yarn.js add express bcryptjs jsonwebtoken config express-validator mangoose

PATH: 
  C:\WINDOWS\system32;C:\WINDOWS;C:\WINDOWS\System32\Wbem;C:\WINDOWS\System32\WindowsPowerShell\v1.0\;C:\Program Files (x86)\Microsoft SQL Server\100\Tools\Binn\;C:\Program Files\Microsoft SQL Server\100\Tools\Binn\;C:\Program Files\Microsoft SQL Server\100\DTS\Binn\;C:\WINDOWS\System32\OpenSSH\;C:\Program Files (x86)\Microsoft SQL Server\150\DTS\Binn\;C:\Program Files\Azure Data Studio\bin;C:\Program Files\nodejs\;C:\Users\Moiqab\AppData\Local\Microsoft\WindowsApps;C:\Users\Moiqab\AppData\Local\Programs\Microsoft VS Code\bin;C:\Users\Moiqab\AppData\Local\GitHubDesktop\bin;C:\Program Files\Azure Data Studio\bin;C:\xampp\php;C:\Users\Moiqab\AppData\Local\ComposerSetup\bin;C:\Users\Moiqab\AppData\Roaming\Composer\vendor\bin;C:\Users\Moiqab\AppData\Roaming\npm

Yarn version: 
  1.22.11

Node version: 
  16.10.0

Platform: 
  win32 x64

Trace: 
  Error: https://registry.yarnpkg.com/mangoose: Not found
      at Request.params.callback [as _callback] (C:\Users\Moiqab\AppData\Roaming\npm\node_modules\yarn\lib\cli.js:66992:18)
      at Request.self.callback (C:\Users\Moiqab\AppData\Roaming\npm\node_modules\yarn\lib\cli.js:140763:22)
      at Request.emit (node:events:390:28)
      at Request.<anonymous> (C:\Users\Moiqab\AppData\Roaming\npm\node_modules\yarn\lib\cli.js:141735:10)
      at Request.emit (node:events:390:28)
      at IncomingMessage.<anonymous> (C:\Users\Moiqab\AppData\Roaming\npm\node_modules\yarn\lib\cli.js:141657:12)
      at Object.onceWrapper (node:events:509:28)
      at IncomingMessage.emit (node:events:402:35)
      at endReadableNT (node:internal/streams/readable:1343:12)
      at processTicksAndRejections (node:internal/process/task_queues:83:21)

npm manifest: 
  {
    "name": "contact-Manager",
    "version": "1.0.0",
    "main": "server.js",
    "license": "MIT",
    "description": "contact manager app",
    "author": {"name": "Moiqab Hussain"}
  }

yarn manifest: 
  No manifest

Lockfile: 
  No lockfile
